<?xml version="1.0" encoding="UTF-8"?>
<!-- Generated by org.testng.reporters.JUnitReportReporter -->
<testsuite skipped="0" hostname="5CD0033LXH" name="MavenTraining.MavenOne.SeleniumTest" tests="2" failures="0" timestamp="2021-10-20T16:50:08 IST" time="0.013" errors="0">
  <testcase name="BrowserAutomation" time="0.012" classname="MavenTraining.MavenOne.SeleniumTest"/>
  <system-out/>
  <testcase name="elementsUi" time="0.001" classname="MavenTraining.MavenOne.SeleniumTest"/>
  <system-out/>
</testsuite> <!-- MavenTraining.MavenOne.SeleniumTest -->
