<?xml version="1.0" encoding="UTF-8"?>
<!-- Generated by org.testng.reporters.JUnitReportReporter -->
<testsuite skipped="0" hostname="5CD0033LXH" name="MavenTraining.MavenOne.AppiumTest" tests="2" failures="0" timestamp="2021-10-19T13:07:54 IST" time="0.000" errors="0">
  <testcase name="NativeAppAndriod" time="0.000" classname="MavenTraining.MavenOne.AppiumTest"/>
  <system-out/>
  <testcase name="IOSApps" time="0.000" classname="MavenTraining.MavenOne.AppiumTest"/>
  <system-out/>
</testsuite> <!-- MavenTraining.MavenOne.AppiumTest -->
