<?xml version="1.0" encoding="UTF-8"?>
<!-- Generated by org.testng.reporters.JUnitReportReporter -->
<testsuite skipped="0" hostname="5CD0033LXH" name="MavenTraining.MavenOne.RESTAPITest" tests="2" failures="0" timestamp="2021-10-20T16:50:08 IST" time="0.001" errors="0">
  <testcase name="deleteTwitter" time="0.001" classname="MavenTraining.MavenOne.RESTAPITest"/>
  <system-out/>
  <testcase name="postJira" time="0.000" classname="MavenTraining.MavenOne.RESTAPITest"/>
  <system-out/>
</testsuite> <!-- MavenTraining.MavenOne.RESTAPITest -->
